ERROR - 2013-08-15T03:16:42+09:00 - exception 'Twig_Error_Loader' with message 'Unable to find template "inde/index.twig" (looked into: /Users/shimo/workspace/s-blog.local/app/templates).' in /Users/shimo/workspace/s-blog.local/Vendor/twig/twig/lib/Twig/Loader/Filesystem.php:202
Stack trace:
#0 /Users/shimo/workspace/s-blog.local/Vendor/twig/twig/lib/Twig/Loader/Filesystem.php(138): Twig_Loader_Filesystem->findTemplate('inde/index.twig')
#1 /Users/shimo/workspace/s-blog.local/Vendor/twig/twig/lib/Twig/Environment.php(265): Twig_Loader_Filesystem->getCacheKey('inde/index.twig')
#2 /Users/shimo/workspace/s-blog.local/Vendor/twig/twig/lib/Twig/Environment.php(312): Twig_Environment->getTemplateClass('inde/index.twig', NULL)
#3 /Users/shimo/workspace/s-blog.local/vendor/slim/extras/Slim/Extras/Views/Twig.php(97): Twig_Environment->loadTemplate('inde/index.twig')
#4 /Users/shimo/workspace/s-blog.local/vendor/slim/slim/Slim/View.php(252): Slim\Extras\Views\Twig->render('inde/index.twig')
#5 /Users/shimo/workspace/s-blog.local/vendor/slim/slim/Slim/View.php(242): Slim\View->fetch('inde/index.twig')
#6 /Users/shimo/workspace/s-blog.local/vendor/slim/slim/Slim/Slim.php(742): Slim\View->display('inde/index.twig')
#7 /Users/shimo/workspace/s-blog.local/app/public_html/index.php(46): Slim\Slim->render('inde/index.twig')
#8 [internal function]: {closure}('aa')
#9 /Users/shimo/workspace/s-blog.local/vendor/slim/slim/Slim/Route.php(436): call_user_func_array(Object(Closure), Array)
#10 /Users/shimo/workspace/s-blog.local/vendor/slim/slim/Slim/Slim.php(1302): Slim\Route->dispatch()
#11 /Users/shimo/workspace/s-blog.local/vendor/slim/slim/Slim/Middleware/Flash.php(85): Slim\Slim->call()
#12 /Users/shimo/workspace/s-blog.local/vendor/slim/slim/Slim/Middleware/MethodOverride.php(92): Slim\Middleware\Flash->call()
#13 /Users/shimo/workspace/s-blog.local/vendor/slim/slim/Slim/Middleware/PrettyExceptions.php(67): Slim\Middleware\MethodOverride->call()
#14 /Users/shimo/workspace/s-blog.local/vendor/slim/slim/Slim/Slim.php(1251): Slim\Middleware\PrettyExceptions->call()
#15 /Users/shimo/workspace/s-blog.local/app/public_html/index.php(51): Slim\Slim->run()
#16 {main}
ERROR - 2013-08-15T03:16:59+09:00 - exception 'Twig_Error_Loader' with message 'Unable to find template "index/index.twig" (looked into: /Users/shimo/workspace/s-blog.local/app/templates).' in /Users/shimo/workspace/s-blog.local/Vendor/twig/twig/lib/Twig/Loader/Filesystem.php:202
Stack trace:
#0 /Users/shimo/workspace/s-blog.local/Vendor/twig/twig/lib/Twig/Loader/Filesystem.php(138): Twig_Loader_Filesystem->findTemplate('index/index.twi...')
#1 /Users/shimo/workspace/s-blog.local/Vendor/twig/twig/lib/Twig/Environment.php(265): Twig_Loader_Filesystem->getCacheKey('index/index.twi...')
#2 /Users/shimo/workspace/s-blog.local/Vendor/twig/twig/lib/Twig/Environment.php(312): Twig_Environment->getTemplateClass('index/index.twi...', NULL)
#3 /Users/shimo/workspace/s-blog.local/vendor/slim/extras/Slim/Extras/Views/Twig.php(97): Twig_Environment->loadTemplate('index/index.twi...')
#4 /Users/shimo/workspace/s-blog.local/vendor/slim/slim/Slim/View.php(252): Slim\Extras\Views\Twig->render('index/index.twi...')
#5 /Users/shimo/workspace/s-blog.local/vendor/slim/slim/Slim/View.php(242): Slim\View->fetch('index/index.twi...')
#6 /Users/shimo/workspace/s-blog.local/vendor/slim/slim/Slim/Slim.php(742): Slim\View->display('index/index.twi...')
#7 /Users/shimo/workspace/s-blog.local/app/public_html/index.php(46): Slim\Slim->render('index/index.twi...')
#8 [internal function]: {closure}('aa')
#9 /Users/shimo/workspace/s-blog.local/vendor/slim/slim/Slim/Route.php(436): call_user_func_array(Object(Closure), Array)
#10 /Users/shimo/workspace/s-blog.local/vendor/slim/slim/Slim/Slim.php(1302): Slim\Route->dispatch()
#11 /Users/shimo/workspace/s-blog.local/vendor/slim/slim/Slim/Middleware/Flash.php(85): Slim\Slim->call()
#12 /Users/shimo/workspace/s-blog.local/vendor/slim/slim/Slim/Middleware/MethodOverride.php(92): Slim\Middleware\Flash->call()
#13 /Users/shimo/workspace/s-blog.local/vendor/slim/slim/Slim/Middleware/PrettyExceptions.php(67): Slim\Middleware\MethodOverride->call()
#14 /Users/shimo/workspace/s-blog.local/vendor/slim/slim/Slim/Slim.php(1251): Slim\Middleware\PrettyExceptions->call()
#15 /Users/shimo/workspace/s-blog.local/app/public_html/index.php(51): Slim\Slim->run()
#16 {main}
ERROR - 2013-08-15T03:17:19+09:00 - exception 'Twig_Error_Loader' with message 'Unable to find template "/index/index.twig" (looked into: /Users/shimo/workspace/s-blog.local/app/templates).' in /Users/shimo/workspace/s-blog.local/Vendor/twig/twig/lib/Twig/Loader/Filesystem.php:202
Stack trace:
#0 /Users/shimo/workspace/s-blog.local/Vendor/twig/twig/lib/Twig/Loader/Filesystem.php(138): Twig_Loader_Filesystem->findTemplate('/index/index.tw...')
#1 /Users/shimo/workspace/s-blog.local/Vendor/twig/twig/lib/Twig/Environment.php(265): Twig_Loader_Filesystem->getCacheKey('/index/index.tw...')
#2 /Users/shimo/workspace/s-blog.local/Vendor/twig/twig/lib/Twig/Environment.php(312): Twig_Environment->getTemplateClass('/index/index.tw...', NULL)
#3 /Users/shimo/workspace/s-blog.local/vendor/slim/extras/Slim/Extras/Views/Twig.php(97): Twig_Environment->loadTemplate('/index/index.tw...')
#4 /Users/shimo/workspace/s-blog.local/vendor/slim/slim/Slim/View.php(252): Slim\Extras\Views\Twig->render('/index/index.tw...')
#5 /Users/shimo/workspace/s-blog.local/vendor/slim/slim/Slim/View.php(242): Slim\View->fetch('/index/index.tw...')
#6 /Users/shimo/workspace/s-blog.local/vendor/slim/slim/Slim/Slim.php(742): Slim\View->display('/index/index.tw...')
#7 /Users/shimo/workspace/s-blog.local/app/public_html/index.php(46): Slim\Slim->render('/index/index.tw...')
#8 [internal function]: {closure}('aa')
#9 /Users/shimo/workspace/s-blog.local/vendor/slim/slim/Slim/Route.php(436): call_user_func_array(Object(Closure), Array)
#10 /Users/shimo/workspace/s-blog.local/vendor/slim/slim/Slim/Slim.php(1302): Slim\Route->dispatch()
#11 /Users/shimo/workspace/s-blog.local/vendor/slim/slim/Slim/Middleware/Flash.php(85): Slim\Slim->call()
#12 /Users/shimo/workspace/s-blog.local/vendor/slim/slim/Slim/Middleware/MethodOverride.php(92): Slim\Middleware\Flash->call()
#13 /Users/shimo/workspace/s-blog.local/vendor/slim/slim/Slim/Middleware/PrettyExceptions.php(67): Slim\Middleware\MethodOverride->call()
#14 /Users/shimo/workspace/s-blog.local/vendor/slim/slim/Slim/Slim.php(1251): Slim\Middleware\PrettyExceptions->call()
#15 /Users/shimo/workspace/s-blog.local/app/public_html/index.php(51): Slim\Slim->run()
#16 {main}
ERROR - 2013-08-15T03:17:39+09:00 - exception 'ErrorException' with message 'Argument 1 passed to Twig_Template::render() must be of the type array, object given, called in /Users/shimo/workspace/s-blog.local/vendor/slim/extras/Slim/Extras/Views/Twig.php on line 99 and defined' in /Users/shimo/workspace/s-blog.local/Vendor/twig/twig/lib/Twig/Template.php:244
Stack trace:
#0 /Users/shimo/workspace/s-blog.local/Vendor/twig/twig/lib/Twig/Template.php(244): Slim\Slim::handleErrors(4096, 'Argument 1 pass...', '/Users/shimo/wo...', 244, Array)
#1 /Users/shimo/workspace/s-blog.local/vendor/slim/extras/Slim/Extras/Views/Twig.php(99): Twig_Template->render(Object(Slim\Helper\Set))
#2 /Users/shimo/workspace/s-blog.local/vendor/slim/slim/Slim/View.php(252): Slim\Extras\Views\Twig->render('/index/index.ph...')
#3 /Users/shimo/workspace/s-blog.local/vendor/slim/slim/Slim/View.php(242): Slim\View->fetch('/index/index.ph...')
#4 /Users/shimo/workspace/s-blog.local/vendor/slim/slim/Slim/Slim.php(742): Slim\View->display('/index/index.ph...')
#5 /Users/shimo/workspace/s-blog.local/app/public_html/index.php(46): Slim\Slim->render('/index/index.ph...')
#6 [internal function]: {closure}('aa')
#7 /Users/shimo/workspace/s-blog.local/vendor/slim/slim/Slim/Route.php(436): call_user_func_array(Object(Closure), Array)
#8 /Users/shimo/workspace/s-blog.local/vendor/slim/slim/Slim/Slim.php(1302): Slim\Route->dispatch()
#9 /Users/shimo/workspace/s-blog.local/vendor/slim/slim/Slim/Middleware/Flash.php(85): Slim\Slim->call()
#10 /Users/shimo/workspace/s-blog.local/vendor/slim/slim/Slim/Middleware/MethodOverride.php(92): Slim\Middleware\Flash->call()
#11 /Users/shimo/workspace/s-blog.local/vendor/slim/slim/Slim/Middleware/PrettyExceptions.php(67): Slim\Middleware\MethodOverride->call()
#12 /Users/shimo/workspace/s-blog.local/vendor/slim/slim/Slim/Slim.php(1251): Slim\Middleware\PrettyExceptions->call()
#13 /Users/shimo/workspace/s-blog.local/app/public_html/index.php(51): Slim\Slim->run()
#14 {main}
